# JRE version: Java(TM) SE Runtime Environment (9.0+11) (build 9.0.4+11)
# Java VM: Java HotSpot(TM) 64-Bit Server VM (9.0.4+11, mixed mode, tiered, compressed oops, g1 gc, windows-amd64)
Heap:
 garbage-first heap   total 330752K, used 142077K [0x0000000700000000, 0x0000000700100a18, 0x00000007c0000000)
  region size 1024K, 12 young (12288K), 2 survivors (2048K)
 Metaspace       used 100425K, capacity 104721K, committed 110544K, reserved 1144832K
  class space    used 14118K, capacity 14920K, committed 16124K, reserved 1048576K
GC Heap History (10 events):
Event: 4553.461 GC heap before
{Heap before GC invocations=823 (full 37):
 garbage-first heap   total 330752K, used 192312K [0x0000000700000000, 0x0000000700100a18, 0x00000007c0000000)
  region size 1024K, 60 young (61440K), 2 survivors (2048K)
 Metaspace       used 100405K, capacity 104721K, committed 110544K, reserved 1144832K
  class space    used 14118K, capacity 14920K, committed 16124K, reserved 1048576K
}
Event: 4553.463 GC heap after
{Heap after GC invocations=824 (full 37):
 garbage-first heap   total 330752K, used 132916K [0x0000000700000000, 0x0000000700100a18, 0x00000007c0000000)
  region size 1024K, 2 young (2048K), 2 survivors (2048K)
 Metaspace       used 100405K, capacity 104721K, committed 110544K, reserved 1144832K
  class space    used 14118K, capacity 14920K, committed 16124K, reserved 1048576K
}
Event: 4558.942 GC heap before
{Heap before GC invocations=824 (full 37):
 garbage-first heap   total 330752K, used 192308K [0x0000000700000000, 0x0000000700100a18, 0x00000007c0000000)
  region size 1024K, 60 young (61440K), 2 survivors (2048K)
 Metaspace       used 100409K, capacity 104721K, committed 110544K, reserved 1144832K
  class space    used 14118K, capacity 14920K, committed 16124K, reserved 1048576K
}
Event: 4558.945 GC heap after
{Heap after GC invocations=825 (full 37):
 garbage-first heap   total 330752K, used 132760K [0x0000000700000000, 0x0000000700100a18, 0x00000007c0000000)
  region size 1024K, 2 young (2048K), 2 survivors (2048K)
 Metaspace       used 100409K, capacity 104721K, committed 110544K, reserved 1144832K
  class space    used 14118K, capacity 14920K, committed 16124K, reserved 1048576K
}
Event: 4561.646 GC heap before
{Heap before GC invocations=825 (full 37):
 garbage-first heap   total 330752K, used 192152K [0x0000000700000000, 0x0000000700100a18, 0x00000007c0000000)
  region size 1024K, 60 young (61440K), 2 survivors (2048K)
 Metaspace       used 100409K, capacity 104721K, committed 110544K, reserved 1144832K
  class space    used 14118K, capacity 14920K, committed 16124K, reserved 1048576K
}
Event: 4561.649 GC heap after
{Heap after GC invocations=826 (full 37):
 garbage-first heap   total 330752K, used 132832K [0x0000000700000000, 0x0000000700100a18, 0x00000007c0000000)
  region size 1024K, 2 young (2048K), 2 survivors (2048K)
 Metaspace       used 100409K, capacity 104721K, committed 110544K, reserved 1144832K
  class space    used 14118K, capacity 14920K, committed 16124K, reserved 1048576K
}
Event: 4561.887 GC heap before
{Heap before GC invocations=826 (full 37):
 garbage-first heap   total 330752K, used 192224K [0x0000000700000000, 0x0000000700100a18, 0x00000007c0000000)
  region size 1024K, 60 young (61440K), 2 survivors (2048K)
 Metaspace       used 100419K, capacity 104721K, committed 110544K, reserved 1144832K
  class space    used 14118K, capacity 14920K, committed 16124K, reserved 1048576K
}
Event: 4561.890 GC heap after
{Heap after GC invocations=827 (full 37):
 garbage-first heap   total 330752K, used 132933K [0x0000000700000000, 0x0000000700100a18, 0x00000007c0000000)
  region size 1024K, 2 young (2048K), 2 survivors (2048K)
 Metaspace       used 100419K, capacity 104721K, committed 110544K, reserved 1144832K
  class space    used 14118K, capacity 14920K, committed 16124K, reserved 1048576K
}
Event: 4562.004 GC heap before
{Heap before GC invocations=827 (full 37):
 garbage-first heap   total 330752K, used 192325K [0x0000000700000000, 0x0000000700100a18, 0x00000007c0000000)
  region size 1024K, 60 young (61440K), 2 survivors (2048K)
 Metaspace       used 100424K, capacity 104721K, committed 110544K, reserved 1144832K
  class space    used 14118K, capacity 14920K, committed 16124K, reserved 1048576K
}
Event: 4562.007 GC heap after
{Heap after GC invocations=828 (full 37):
 garbage-first heap   total 330752K, used 132861K [0x0000000700000000, 0x0000000700100a18, 0x00000007c0000000)
  region size 1024K, 2 young (2048K), 2 survivors (2048K)
 Metaspace       used 100424K, capacity 104721K, committed 110544K, reserved 1144832K
  class space    used 14118K, capacity 14920K, committed 16124K, reserved 1048576K
}

