# JRE version: Java(TM) SE Runtime Environment (9.0+11) (build 9.0.4+11)
# Java VM: Java HotSpot(TM) 64-Bit Server VM (9.0.4+11, mixed mode, tiered, compressed oops, g1 gc, windows-amd64)
Heap:
 garbage-first heap   total 193536K, used 121586K [0x0000000700000000, 0x00000007001005e8, 0x00000007c0000000)
  region size 1024K, 37 young (37888K), 2 survivors (2048K)
 Metaspace       used 82871K, capacity 88809K, committed 89116K, reserved 1124352K
  class space    used 12292K, capacity 13316K, committed 13384K, reserved 1048576K
GC Heap History (10 events):
Event: 92.037 GC heap before
{Heap before GC invocations=45 (full 2):
 garbage-first heap   total 193536K, used 147308K [0x0000000700000000, 0x00000007001005e8, 0x00000007c0000000)
  region size 1024K, 60 young (61440K), 1 survivors (1024K)
 Metaspace       used 81326K, capacity 86577K, committed 86684K, reserved 1122304K
  class space    used 12093K, capacity 12996K, committed 13000K, reserved 1048576K
}
Event: 92.039 GC heap after
{Heap after GC invocations=46 (full 2):
 garbage-first heap   total 193536K, used 86921K [0x0000000700000000, 0x00000007001005e8, 0x00000007c0000000)
  region size 1024K, 1 young (1024K), 1 survivors (1024K)
 Metaspace       used 81326K, capacity 86577K, committed 86684K, reserved 1122304K
  class space    used 12093K, capacity 12996K, committed 13000K, reserved 1048576K
}
Event: 93.967 GC heap before
{Heap before GC invocations=46 (full 2):
 garbage-first heap   total 193536K, used 147337K [0x0000000700000000, 0x00000007001005e8, 0x00000007c0000000)
  region size 1024K, 60 young (61440K), 1 survivors (1024K)
 Metaspace       used 81726K, capacity 87333K, committed 87580K, reserved 1124352K
  class space    used 12169K, capacity 13126K, committed 13128K, reserved 1048576K
}
Event: 93.969 GC heap after
{Heap after GC invocations=47 (full 2):
 garbage-first heap   total 193536K, used 87119K [0x0000000700000000, 0x00000007001005e8, 0x00000007c0000000)
  region size 1024K, 1 young (1024K), 1 survivors (1024K)
 Metaspace       used 81726K, capacity 87333K, committed 87580K, reserved 1124352K
  class space    used 12169K, capacity 13126K, committed 13128K, reserved 1048576K
}
Event: 98.383 GC heap before
{Heap before GC invocations=48 (full 2):
 garbage-first heap   total 193536K, used 147535K [0x0000000700000000, 0x00000007001005e8, 0x00000007c0000000)
  region size 1024K, 60 young (61440K), 1 survivors (1024K)
 Metaspace       used 82047K, capacity 87909K, committed 88092K, reserved 1124352K
  class space    used 12235K, capacity 13264K, committed 13384K, reserved 1048576K
}
Event: 98.385 GC heap after
{Heap after GC invocations=49 (full 2):
 garbage-first heap   total 193536K, used 86576K [0x0000000700000000, 0x00000007001005e8, 0x00000007c0000000)
  region size 1024K, 2 young (2048K), 2 survivors (2048K)
 Metaspace       used 82047K, capacity 87909K, committed 88092K, reserved 1124352K
  class space    used 12235K, capacity 13264K, committed 13384K, reserved 1048576K
}
Event: 102.253 GC heap before
{Heap before GC invocations=49 (full 2):
 garbage-first heap   total 193536K, used 145968K [0x0000000700000000, 0x00000007001005e8, 0x00000007c0000000)
  region size 1024K, 60 young (61440K), 2 survivors (2048K)
 Metaspace       used 82244K, capacity 88177K, committed 88348K, reserved 1124352K
  class space    used 12244K, capacity 13280K, committed 13384K, reserved 1048576K
}
Event: 102.255 GC heap after
{Heap after GC invocations=50 (full 2):
 garbage-first heap   total 193536K, used 86538K [0x0000000700000000, 0x00000007001005e8, 0x00000007c0000000)
  region size 1024K, 2 young (2048K), 2 survivors (2048K)
 Metaspace       used 82244K, capacity 88177K, committed 88348K, reserved 1124352K
  class space    used 12244K, capacity 13280K, committed 13384K, reserved 1048576K
}
Event: 109.390 GC heap before
{Heap before GC invocations=50 (full 2):
 garbage-first heap   total 193536K, used 145930K [0x0000000700000000, 0x00000007001005e8, 0x00000007c0000000)
  region size 1024K, 60 young (61440K), 2 survivors (2048K)
 Metaspace       used 82602K, capacity 88539K, committed 88860K, reserved 1124352K
  class space    used 12270K, capacity 13315K, committed 13384K, reserved 1048576K
}
Event: 109.392 GC heap after
{Heap after GC invocations=51 (full 2):
 garbage-first heap   total 193536K, used 86770K [0x0000000700000000, 0x00000007001005e8, 0x00000007c0000000)
  region size 1024K, 2 young (2048K), 2 survivors (2048K)
 Metaspace       used 82602K, capacity 88539K, committed 88860K, reserved 1124352K
  class space    used 12270K, capacity 13315K, committed 13384K, reserved 1048576K
}

