# JRE version: Java(TM) SE Runtime Environment (9.0+11) (build 9.0.4+11)
# Java VM: Java HotSpot(TM) 64-Bit Server VM (9.0.4+11, mixed mode, tiered, compressed oops, g1 gc, windows-amd64)
Heap:
 garbage-first heap   total 202752K, used 164180K [0x0000000700000000, 0x0000000700100630, 0x00000007c0000000)
  region size 1024K, 47 young (48128K), 1 survivors (1024K)
 Metaspace       used 97952K, capacity 105855K, committed 105936K, reserved 1140736K
  class space    used 14194K, capacity 15555K, committed 15612K, reserved 1048576K
GC Heap History (10 events):
Event: 1238.701 GC heap before
{Heap before GC invocations=627 (full 49):
 garbage-first heap   total 202752K, used 178828K [0x0000000700000000, 0x0000000700100630, 0x00000007c0000000)
  region size 1024K, 60 young (61440K), 0 survivors (0K)
 Metaspace       used 97916K, capacity 105847K, committed 105936K, reserved 1140736K
  class space    used 14194K, capacity 15555K, committed 15612K, reserved 1048576K
}
Event: 1238.703 GC heap after
{Heap after GC invocations=628 (full 49):
 garbage-first heap   total 202752K, used 117816K [0x0000000700000000, 0x0000000700100630, 0x00000007c0000000)
  region size 1024K, 1 young (1024K), 1 survivors (1024K)
 Metaspace       used 97916K, capacity 105847K, committed 105936K, reserved 1140736K
  class space    used 14194K, capacity 15555K, committed 15612K, reserved 1048576K
}
Event: 1239.586 GC heap before
{Heap before GC invocations=628 (full 49):
 garbage-first heap   total 202752K, used 178232K [0x0000000700000000, 0x0000000700100630, 0x00000007c0000000)
  region size 1024K, 60 young (61440K), 1 survivors (1024K)
 Metaspace       used 97916K, capacity 105847K, committed 105936K, reserved 1140736K
  class space    used 14194K, capacity 15555K, committed 15612K, reserved 1048576K
}
Event: 1239.587 GC heap after
{Heap after GC invocations=629 (full 49):
 garbage-first heap   total 202752K, used 117772K [0x0000000700000000, 0x0000000700100630, 0x00000007c0000000)
  region size 1024K, 1 young (1024K), 1 survivors (1024K)
 Metaspace       used 97916K, capacity 105847K, committed 105936K, reserved 1140736K
  class space    used 14194K, capacity 15555K, committed 15612K, reserved 1048576K
}
Event: 1239.847 GC heap before
{Heap before GC invocations=629 (full 49):
 garbage-first heap   total 202752K, used 178188K [0x0000000700000000, 0x0000000700100630, 0x00000007c0000000)
  region size 1024K, 60 young (61440K), 1 survivors (1024K)
 Metaspace       used 97917K, capacity 105847K, committed 105936K, reserved 1140736K
  class space    used 14194K, capacity 15555K, committed 15612K, reserved 1048576K
}
Event: 1239.850 GC heap after
{Heap after GC invocations=630 (full 49):
 garbage-first heap   total 202752K, used 117669K [0x0000000700000000, 0x0000000700100630, 0x00000007c0000000)
  region size 1024K, 1 young (1024K), 1 survivors (1024K)
 Metaspace       used 97917K, capacity 105847K, committed 105936K, reserved 1140736K
  class space    used 14194K, capacity 15555K, committed 15612K, reserved 1048576K
}
Event: 1243.726 GC heap before
{Heap before GC invocations=630 (full 49):
 garbage-first heap   total 202752K, used 178085K [0x0000000700000000, 0x0000000700100630, 0x00000007c0000000)
  region size 1024K, 60 young (61440K), 1 survivors (1024K)
 Metaspace       used 97926K, capacity 105855K, committed 105936K, reserved 1140736K
  class space    used 14194K, capacity 15555K, committed 15612K, reserved 1048576K
}
Event: 1243.728 GC heap after
{Heap after GC invocations=631 (full 49):
 garbage-first heap   total 202752K, used 117938K [0x0000000700000000, 0x0000000700100630, 0x00000007c0000000)
  region size 1024K, 1 young (1024K), 1 survivors (1024K)
 Metaspace       used 97926K, capacity 105855K, committed 105936K, reserved 1140736K
  class space    used 14194K, capacity 15555K, committed 15612K, reserved 1048576K
}
Event: 1248.256 GC heap before
{Heap before GC invocations=631 (full 49):
 garbage-first heap   total 202752K, used 178354K [0x0000000700000000, 0x0000000700100630, 0x00000007c0000000)
  region size 1024K, 60 young (61440K), 1 survivors (1024K)
 Metaspace       used 97941K, capacity 105855K, committed 105936K, reserved 1140736K
  class space    used 14194K, capacity 15555K, committed 15612K, reserved 1048576K
}
Event: 1248.258 GC heap after
{Heap after GC invocations=632 (full 49):
 garbage-first heap   total 202752K, used 118100K [0x0000000700000000, 0x0000000700100630, 0x00000007c0000000)
  region size 1024K, 1 young (1024K), 1 survivors (1024K)
 Metaspace       used 97941K, capacity 105855K, committed 105936K, reserved 1140736K
  class space    used 14194K, capacity 15555K, committed 15612K, reserved 1048576K
}

